#
# There is insufficient memory for the Java Runtime Environment to continue.
# Native memory allocation (mmap) failed to map 6225920 bytes for G1 virtual space
# Possible reasons:
#   The system is out of physical RAM or swap space
#   The process is running with CompressedOops enabled, and the Java Heap may be blocking the growth of the native heap
# Possible solutions:
#   Reduce memory load on the system
#   Increase physical memory or swap space
#   Check if swap backing store is full
#   Decrease Java heap size (-Xmx/-Xms)
#   Decrease number of Java threads
#   Decrease Java thread stack sizes (-Xss)
#   Set larger code cache with -XX:ReservedCodeCacheSize=
#   JVM is running with Zero Based Compressed Oops mode in which the Java heap is
#     placed in the first 32GB address space. The Java Heap base address is the
#     maximum limit for the native heap growth. Please use -XX:HeapBaseMinAddress
#     to set the Java Heap base and to place the Java Heap above 32GB virtual address.
# This output file may be truncated or incomplete.
#
#  Out of Memory Error (os_windows.cpp:3825), pid=30436, tid=23896
#
# JRE version:  (17.0.10+1) (build )
# Java VM: OpenJDK 64-Bit Server VM (17.0.10+1-b1207.14, mixed mode, sharing, tiered, compressed oops, compressed class ptrs, g1 gc, windows-amd64)
# No core dump will be written. Minidumps are not enabled by default on client versions of Windows
#

---------------  S U M M A R Y ------------

Command Line: git4idea.http.GitAskPassApp Username for 'https://github.com': 

Host: Intel(R) Core(TM) i7-4810MQ CPU @ 2.80GHz, 8 cores, 23G,  Windows 10 , 64 bit Build 19041 (10.0.19041.4597)
Time: Wed Jul 10 22:20:53 2024 Central Summer Time elapsed time: 0.020306 seconds (0d 0h 0m 0s)

---------------  T H R E A D  ---------------

Current thread (0x0000022739ddf7d0):  JavaThread "Unknown thread" [_thread_in_vm, id=23896, stack(0x0000005361900000,0x0000005361a00000)]

Stack: [0x0000005361900000,0x0000005361a00000]
Native frames: (J=compiled Java code, j=interpreted, Vv=VM code, C=native code)
V  [jvm.dll+0x687989]
V  [jvm.dll+0x84116a]
V  [jvm.dll+0x842dae]
V  [jvm.dll+0x843413]
V  [jvm.dll+0x249ccf]
V  [jvm.dll+0x684759]
V  [jvm.dll+0x67900a]
V  [jvm.dll+0x30ab0b]
V  [jvm.dll+0x311fb6]
V  [jvm.dll+0x361d88]
V  [jvm.dll+0x361f8f]
V  [jvm.dll+0x2e07f8]
V  [jvm.dll+0x2e1764]
V  [jvm.dll+0x811c31]
V  [jvm.dll+0x36fc11]
V  [jvm.dll+0x7f0666]
V  [jvm.dll+0x3f3daf]
V  [jvm.dll+0x3f5a41]
C  [jli.dll+0x528f]
C  [ucrtbase.dll+0x21bb2]
C  [KERNEL32.DLL+0x17374]
C  [ntdll.dll+0x4cc91]


---------------  P R O C E S S  ---------------

Threads class SMR info:
_java_thread_list=0x00007ffa9146df58, length=0, elements={
}

Java Threads: ( => current thread )

Other Threads:
  0x0000022739e67580 GCTaskThread "GC Thread#0" [stack: 0x0000005361a00000,0x0000005361b00000] [id=9184]
  0x0000022739e741e0 ConcurrentGCThread "G1 Main Marker" [stack: 0x0000005361b00000,0x0000005361c00000] [id=38164]
  0x0000022739e74c00 ConcurrentGCThread "G1 Conc#0" [stack: 0x0000005361c00000,0x0000005361d00000] [id=11300]

[error occurred during error reporting (printing all threads), id 0xc0000005, EXCEPTION_ACCESS_VIOLATION (0xc0000005) at pc=0x00007ffa90c213c7]

VM state: not at safepoint (not fully initialized)

VM Mutex/Monitor currently owned by a thread:  ([mutex/lock_event])
[0x0000022739dd9620] Heap_lock - owner thread: 0x0000022739ddf7d0

Heap address: 0x0000000685c00000, size: 6052 MB, Compressed Oops mode: Zero based, Oop shift amount: 3

CDS archive(s) mapped at: [0x0000000000000000-0x0000000000000000-0x0000000000000000), size 0, SharedBaseAddress: 0x0000000800000000, ArchiveRelocationMode: 1.
Narrow klass base: 0x0000000000000000, Narrow klass shift: 0, Narrow klass range: 0x0

GC Precious Log:
<Empty>

Heap:
 garbage-first heap   total 0K, used 0K [0x0000000685c00000, 0x0000000800000000)
  region size 4096K, 0 young (0K), 0 survivors (0K)
 Metaspace       used 0K, committed 0K, reserved 0K
  class space    used 0K, committed 0K, reserved 0K

Heap Regions: E=young(eden), S=young(survivor), O=old, HS=humongous(starts), HC=humongous(continues), CS=collection set, F=free, OA=open archive, CA=closed archive, TAMS=top-at-mark-start (previous, next)

Card table byte_map: [0x000002274f3b0000,0x000002274ff90000] _byte_map_base: 0x000002274bf82000

Marking Bits (Prev, Next): (CMBitMap*) 0x0000022739e67ba0, (CMBitMap*) 0x0000022739e67be0
 Prev Bits: [0x0000022750b70000, 0x0000022756a00000)
 Next Bits: [0x0000022756a00000, 0x000002275c890000)

GC Heap History (0 events):
No events

Dll operation events (1 events):
Event: 0.008 Loaded shared library C:\Program Files\JetBrains\IntelliJ IDEA Community Edition 2024.1.1\jbr\bin\java.dll

Deoptimization events (0 events):
No events

Classes unloaded (0 events):
No events

Classes redefined (0 events):
No events

Internal exceptions (0 events):
No events

VM Operations (0 events):
No events

Events (0 events):
No events


Dynamic libraries:
0x00007ff76b260000 - 0x00007ff76b26a000 	C:\Program Files\JetBrains\IntelliJ IDEA Community Edition 2024.1.1\jbr\bin\java.exe
0x00007ffada8f0000 - 0x00007ffadaae8000 	C:\WINDOWS\SYSTEM32\ntdll.dll
0x00007ffad90f0000 - 0x00007ffad91b1000 	C:\WINDOWS\System32\KERNEL32.DLL
0x00007ffad8620000 - 0x00007ffad8916000 	C:\WINDOWS\System32\KERNELBASE.dll
0x00007ffad8400000 - 0x00007ffad8500000 	C:\WINDOWS\System32\ucrtbase.dll
0x00007ffad0390000 - 0x00007ffad03a7000 	C:\Program Files\JetBrains\IntelliJ IDEA Community Edition 2024.1.1\jbr\bin\jli.dll
0x00007ffac8210000 - 0x00007ffac822b000 	C:\Program Files\JetBrains\IntelliJ IDEA Community Edition 2024.1.1\jbr\bin\VCRUNTIME140.dll
0x00007ffad9ca0000 - 0x00007ffad9e3f000 	C:\WINDOWS\System32\USER32.dll
0x00007ffad8100000 - 0x00007ffad8122000 	C:\WINDOWS\System32\win32u.dll
0x00007ffac56c0000 - 0x00007ffac595a000 	C:\WINDOWS\WinSxS\amd64_microsoft.windows.common-controls_6595b64144ccf1df_6.0.19041.4355_none_60b8b9eb71f62e16\COMCTL32.dll
0x00007ffad9b50000 - 0x00007ffad9b7b000 	C:\WINDOWS\System32\GDI32.dll
0x00007ffad8b40000 - 0x00007ffad8bde000 	C:\WINDOWS\System32\msvcrt.dll
0x00007ffad8500000 - 0x00007ffad8617000 	C:\WINDOWS\System32\gdi32full.dll
0x00007ffad8360000 - 0x00007ffad83fd000 	C:\WINDOWS\System32\msvcp_win.dll
0x00007ffada700000 - 0x00007ffada72f000 	C:\WINDOWS\System32\IMM32.DLL
0x00007ffacd6f0000 - 0x00007ffacd6fc000 	C:\Program Files\JetBrains\IntelliJ IDEA Community Edition 2024.1.1\jbr\bin\vcruntime140_1.dll
0x00007ffaa37d0000 - 0x00007ffaa385d000 	C:\Program Files\JetBrains\IntelliJ IDEA Community Edition 2024.1.1\jbr\bin\msvcp140.dll
0x00007ffa90930000 - 0x00007ffa915b2000 	C:\Program Files\JetBrains\IntelliJ IDEA Community Edition 2024.1.1\jbr\bin\server\jvm.dll
0x00007ffad9b90000 - 0x00007ffad9c40000 	C:\WINDOWS\System32\ADVAPI32.dll
0x00007ffad91c0000 - 0x00007ffad9260000 	C:\WINDOWS\System32\sechost.dll
0x00007ffad8fc0000 - 0x00007ffad90e3000 	C:\WINDOWS\System32\RPCRT4.dll
0x00007ffad8330000 - 0x00007ffad8357000 	C:\WINDOWS\System32\bcrypt.dll
0x00007ffac49e0000 - 0x00007ffac49e9000 	C:\WINDOWS\SYSTEM32\WSOCK32.dll
0x00007ffac54b0000 - 0x00007ffac54d7000 	C:\WINDOWS\SYSTEM32\WINMM.dll
0x00007ffad76d0000 - 0x00007ffad771b000 	C:\WINDOWS\SYSTEM32\POWRPROF.dll
0x00007ffad8be0000 - 0x00007ffad8c4b000 	C:\WINDOWS\System32\WS2_32.dll
0x00007ffacf2b0000 - 0x00007ffacf2ba000 	C:\WINDOWS\SYSTEM32\VERSION.dll
0x00007ffad76b0000 - 0x00007ffad76c2000 	C:\WINDOWS\SYSTEM32\UMPDC.dll
0x00007ffad6800000 - 0x00007ffad6812000 	C:\WINDOWS\SYSTEM32\kernel.appcore.dll
0x00007ffad4e40000 - 0x00007ffad4e4a000 	C:\Program Files\JetBrains\IntelliJ IDEA Community Edition 2024.1.1\jbr\bin\jimage.dll
0x00007ffad48d0000 - 0x00007ffad4ab4000 	C:\WINDOWS\SYSTEM32\DBGHELP.DLL
0x00007ffacd9c0000 - 0x00007ffacd9f4000 	C:\WINDOWS\SYSTEM32\dbgcore.DLL
0x00007ffad81a0000 - 0x00007ffad8222000 	C:\WINDOWS\System32\bcryptPrimitives.dll
0x00007ffad0f10000 - 0x00007ffad0f35000 	C:\Program Files\JetBrains\IntelliJ IDEA Community Edition 2024.1.1\jbr\bin\java.dll

dbghelp: loaded successfully - version: 4.0.5 - missing functions: none
symbol engine: initialized successfully - sym options: 0x614 - pdb path: .;C:\Program Files\JetBrains\IntelliJ IDEA Community Edition 2024.1.1\jbr\bin;C:\WINDOWS\SYSTEM32;C:\WINDOWS\WinSxS\amd64_microsoft.windows.common-controls_6595b64144ccf1df_6.0.19041.4355_none_60b8b9eb71f62e16;C:\Program Files\JetBrains\IntelliJ IDEA Community Edition 2024.1.1\jbr\bin\server

VM Arguments:
java_command: git4idea.http.GitAskPassApp Username for 'https://github.com': 
java_class_path (initial): C:/Program Files/JetBrains/IntelliJ IDEA Community Edition 2024.1.1/plugins/vcs-git/lib/git4idea-rt.jar;C:/Program Files/JetBrains/IntelliJ IDEA Community Edition 2024.1.1/lib/externalProcess-rt.jar
Launcher Type: SUN_STANDARD

[Global flags]
     intx CICompilerCount                          = 4                                         {product} {ergonomic}
     uint ConcGCThreads                            = 2                                         {product} {ergonomic}
     uint G1ConcRefinementThreads                  = 8                                         {product} {ergonomic}
   size_t G1HeapRegionSize                         = 4194304                                   {product} {ergonomic}
    uintx GCDrainStackTargetSize                   = 64                                        {product} {ergonomic}
   size_t InitialHeapSize                          = 398458880                                 {product} {ergonomic}
   size_t MarkStackSize                            = 4194304                                   {product} {ergonomic}
   size_t MaxHeapSize                              = 6345981952                                {product} {ergonomic}
   size_t MinHeapDeltaBytes                        = 4194304                                   {product} {ergonomic}
   size_t MinHeapSize                              = 8388608                                   {product} {ergonomic}
    uintx NonNMethodCodeHeapSize                   = 5839372                                {pd product} {ergonomic}
    uintx NonProfiledCodeHeapSize                  = 122909434                              {pd product} {ergonomic}
    uintx ProfiledCodeHeapSize                     = 122909434                              {pd product} {ergonomic}
    uintx ReservedCodeCacheSize                    = 251658240                              {pd product} {ergonomic}
     bool SegmentedCodeCache                       = true                                      {product} {ergonomic}
   size_t SoftMaxHeapSize                          = 6345981952                             {manageable} {ergonomic}
     bool UseCompressedClassPointers               = true                           {product lp64_product} {ergonomic}
     bool UseCompressedOops                        = true                           {product lp64_product} {ergonomic}
     bool UseG1GC                                  = true                                      {product} {ergonomic}
     bool UseLargePagesIndividualAllocation        = false                                  {pd product} {ergonomic}

Logging:
Log output configuration:
 #0: stdout all=warning uptime,level,tags
 #1: stderr all=off uptime,level,tags

Environment Variables:
JAVA_HOME=C:\Program Files\Java\jre-1.8
PATH=C:\Program Files\Git\mingw64\libexec\git-core;C:\Program Files\Git\mingw64\libexec\git-core;C:\Program Files\Git\mingw64\bin;C:\Program Files\Git\usr\bin;C:\Users\Admin\bin;C:\Program Files\Common Files\Oracle\Java\javapath;C:\Program Files (x86)\Common Files\Oracle\Java\java8path;C:\Program Files (x86)\Common Files\Oracle\Java\javapath;C:\Program Files (x86)\Intel\iCLS Client;C:\Program Files\Intel\iCLS Client;C:\WINDOWS\system32;C:\WINDOWS;C:\WINDOWS\System32\Wbem;C:\WINDOWS\System32\WindowsPowerShell\v1.0;C:\WINDOWS\System32\OpenSSH;C:\Program Files\dotnet;C:\Program Files (x86)\Intel\Intel(R) Management Engine Components\DAL;C:\Program Files\Intel\Intel(R) Management Engine Components\DAL;C:\Program Files (x86)\Intel\Intel(R) Management Engine Components\IPT;C:\Program Files\Intel\Intel(R) Management Engine Components\IPT;C:\Program Files (x86)\eSpeak;C:\Program Files\Git\cmd;C:\Program Files\Java\jre-1.8\bin;C:\Program Files\Microsoft SQL Server\120\Tools\Binn;C:\Users\Admin\AppData\Local\Microsoft\WindowsApps;C:\Users\Admin\AppData\Local\Programs\Microsoft VS Code\bin;C:\Program Files\JetBrains\IntelliJ IDEA Community Edition 2024.1.1\bin
USERNAME=Admin
DISPLAY=:0.0
LC_ALL=en_US.UTF-8
TERM=xterm-256color
TMPDIR=C:\Users\Admin\AppData\Local\Temp
OS=Windows_NT
PROCESSOR_IDENTIFIER=Intel64 Family 6 Model 60 Stepping 3, GenuineIntel
TMP=C:\Users\Admin\AppData\Local\Temp
TEMP=C:\Users\Admin\AppData\Local\Temp



Periodic native trim disabled

JNI global refs:
JNI global refs: 0, weak refs: 0

JNI global refs memory usage: 0, weak refs: 0

OOME stack traces (most recent first):
Classloader memory used:


---------------  S Y S T E M  ---------------

OS:
 Windows 10 , 64 bit Build 19041 (10.0.19041.4597)
OS uptime: 13 days 4:19 hours

CPU: total 8 (initial active 8) (4 cores per cpu, 2 threads per core) family 6 model 60 stepping 3 microcode 0x28, cx8, cmov, fxsr, ht, mmx, sse, sse2, sse3, ssse3, sse4.1, sse4.2, popcnt, lzcnt, tsc, tscinvbit, avx, avx2, aes, erms, clmul, bmi1, bmi2, fma, vzeroupper, clflush
Processor Information for all 8 processors :
  Max Mhz: 2794, Current Mhz: 2794, Mhz Limit: 2794

Memory: 4k page, system-wide physical 24200M (6522M free)
TotalPageFile size 39320M (AvailPageFile size 5M)
current process WorkingSet (physical memory assigned to process): 10M, peak: 10M
current process commit charge ("private bytes"): 447M, peak: 453M

vm_info: OpenJDK 64-Bit Server VM (17.0.10+1-b1207.14) for windows-amd64 JRE (17.0.10+1-b1207.14), built on 2024-04-05 by "builduser" with MS VC++ 16.10 / 16.11 (VS2019)

END.
